[2024-05-21 15:31:19] merlin-logger.DEBUG: The welcome step has been displayed [] []
[2024-05-21 15:31:28] merlin-logger.DEBUG: The license activation step has been displayed [] []
[2024-05-21 15:31:34] merlin-logger.DEBUG: The plugin installation step has been displayed [] []
[2024-05-21 15:31:40] merlin-logger.DEBUG: A plugin with the following data will be processed {"plugin_slug":"ai-engine","message":"Installing"} []
[2024-05-21 15:31:58] merlin-logger.DEBUG: A plugin with the following data was processed {"plugin_slug":"ai-engine"} []
[2024-05-21 15:32:00] merlin-logger.DEBUG: A plugin with the following data will be processed {"plugin_slug":"bravis-addons","message":"Installing"} []
[2024-05-21 15:33:15] merlin-logger.DEBUG: A plugin with the following data was processed {"plugin_slug":"bravis-addons"} []
[2024-05-21 15:33:17] merlin-logger.DEBUG: A plugin with the following data will be processed {"plugin_slug":"contact-form-7","message":"Installing"} []
[2024-05-21 15:33:44] merlin-logger.DEBUG: A plugin with the following data was processed {"plugin_slug":"contact-form-7"} []
[2024-05-21 15:33:46] merlin-logger.DEBUG: A plugin with the following data will be processed {"plugin_slug":"elementor","message":"Installing"} []
[2024-05-21 15:34:44] merlin-logger.DEBUG: A plugin with the following data was processed {"plugin_slug":"elementor"} []
[2024-05-21 15:34:48] merlin-logger.DEBUG: A plugin with the following data will be processed {"plugin_slug":"mailchimp-for-wp","message":"Installing"} []
[2024-05-21 15:35:17] merlin-logger.DEBUG: A plugin with the following data was processed {"plugin_slug":"mailchimp-for-wp"} []
[2024-05-21 15:35:22] merlin-logger.DEBUG: A plugin with the following data will be processed {"plugin_slug":"redux-framework","message":"Installing"} []
[2024-05-21 15:35:51] merlin-logger.DEBUG: A plugin with the following data was processed {"plugin_slug":"redux-framework"} []
[2024-05-21 15:35:56] merlin-logger.DEBUG: A plugin with the following data will be processed {"plugin_slug":"wpc-ajax-add-to-cart","message":"Installing"} []
[2024-05-21 15:36:21] merlin-logger.DEBUG: A plugin with the following data will be processed {"plugin_slug":"wpc-ajax-add-to-cart","message":"Activating"} []
[2024-05-21 15:36:38] merlin-logger.DEBUG: A plugin with the following data will be processed {"plugin_slug":"wpc-ajax-add-to-cart","message":"Activating"} []
[2024-05-21 15:36:42] merlin-logger.DEBUG: A plugin with the following data will be processed {"plugin_slug":"woocommerce","message":"Installing"} []
[2024-05-21 15:39:11] merlin-logger.DEBUG: A plugin with the following data was processed {"plugin_slug":"woocommerce"} []
[2024-05-21 15:39:21] merlin-logger.DEBUG: A plugin with the following data will be processed {"plugin_slug":"woo-smart-compare","message":"Installing"} []
[2024-05-21 15:40:39] merlin-logger.DEBUG: A plugin with the following data was processed {"plugin_slug":"woo-smart-compare"} []
[2024-05-21 15:40:49] merlin-logger.DEBUG: A plugin with the following data will be processed {"plugin_slug":"woo-smart-wishlist","message":"Installing"} []
[2024-05-21 15:42:20] merlin-logger.DEBUG: A plugin with the following data was processed {"plugin_slug":"woo-smart-wishlist"} []
[2024-05-21 15:42:40] merlin-logger.DEBUG: The content import step has been displayed [] []
[2024-05-21 15:42:41] merlin-logger.DEBUG: The content import step has been displayed [] []
[2024-05-21 15:43:43] merlin-logger.DEBUG: The plugin installation step has been displayed [] []
[2024-05-21 15:44:02] merlin-logger.DEBUG: A plugin with the following data will be processed {"plugin_slug":"wpc-ajax-add-to-cart","message":"Activating"} []
[2024-05-21 15:45:02] merlin-logger.DEBUG: A plugin with the following data was processed {"plugin_slug":"wpc-ajax-add-to-cart"} []
[2024-05-21 15:45:18] merlin-logger.DEBUG: The content import step has been displayed [] []
[2024-05-21 16:09:14] merlin-logger.DEBUG: The final step has been displayed [] []
